Oct-30 09:17:47.480 [main] DEBUG nextflow.cli.Launcher - $> nextflow run test_main.nf -process.echo
Oct-30 09:17:47.539 [main] DEBUG nextflow.cli.CmdRun - N E X T F L O W  ~  version 24.10.0
Oct-30 09:17:47.552 [main] DEBUG nextflow.plugin.PluginsFacade - Setting up plugin manager > mode=prod; embedded=false; plugins-dir=/Users/js1349/.nextflow/plugins; core-plugins: nf-amazon@2.9.0,nf-azure@1.10.1,nf-cloudcache@0.4.2,nf-codecommit@0.2.2,nf-console@1.1.4,nf-google@1.15.2,nf-tower@1.9.3,nf-wave@1.7.2
Oct-30 09:17:47.563 [main] INFO  o.pf4j.DefaultPluginStatusProvider - Enabled plugins: []
Oct-30 09:17:47.563 [main] INFO  o.pf4j.DefaultPluginStatusProvider - Disabled plugins: []
Oct-30 09:17:47.565 [main] INFO  org.pf4j.DefaultPluginManager - PF4J version 3.12.0 in 'deployment' mode
Oct-30 09:17:47.572 [main] INFO  org.pf4j.AbstractPluginManager - No plugins
Oct-30 09:17:47.583 [main] DEBUG nextflow.config.ConfigBuilder - Found config local: /Users/js1349/Desktop/UNTHSC/HSC_Janak/Amit_Dr_Vishownatha/Docking_Pipeline/LDTest/LeadDiscoveryDocking/scripts/nextflow.config
Oct-30 09:17:47.584 [main] DEBUG nextflow.config.ConfigBuilder - Parsing config file: /Users/js1349/Desktop/UNTHSC/HSC_Janak/Amit_Dr_Vishownatha/Docking_Pipeline/LDTest/LeadDiscoveryDocking/scripts/nextflow.config
Oct-30 09:17:47.599 [main] DEBUG n.secret.LocalSecretsProvider - Secrets store: /Users/js1349/.nextflow/secrets/store.json
Oct-30 09:17:47.600 [main] DEBUG nextflow.secret.SecretsLoader - Discovered secrets providers: [nextflow.secret.LocalSecretsProvider@56f71edb] - activable => nextflow.secret.LocalSecretsProvider@56f71edb
Oct-30 09:17:47.603 [main] DEBUG nextflow.config.ConfigBuilder - Applying config profile: `standard`
Oct-30 09:17:47.811 [main] DEBUG nextflow.cli.CmdRun - Applied DSL=2 by global default
Oct-30 09:17:47.819 [main] DEBUG nextflow.cli.CmdRun - Launching `test_main.nf` [happy_solvay] DSL2 - revision: 046296549c
Oct-30 09:17:47.820 [main] DEBUG nextflow.plugin.PluginsFacade - Plugins default=[]
Oct-30 09:17:47.820 [main] DEBUG nextflow.plugin.PluginsFacade - Plugins resolved requirement=[]
Oct-30 09:17:47.847 [main] DEBUG nextflow.Session - Session UUID: 5055d5e2-3eec-4d44-83d0-8d997519f6f8
Oct-30 09:17:47.847 [main] DEBUG nextflow.Session - Run name: happy_solvay
Oct-30 09:17:47.847 [main] DEBUG nextflow.Session - Executor pool size: 11
Oct-30 09:17:47.851 [main] DEBUG nextflow.file.FilePorter - File porter settings maxRetries=3; maxTransfers=50; pollTimeout=null
Oct-30 09:17:47.854 [main] DEBUG nextflow.util.ThreadPoolBuilder - Creating thread pool 'FileTransfer' minSize=10; maxSize=33; workQueue=LinkedBlockingQueue[10000]; allowCoreThreadTimeout=false
Oct-30 09:17:47.885 [main] DEBUG nextflow.cli.CmdRun - 
  Version: 24.10.0 build 5928
  Created: 27-10-2024 18:36 UTC (13:36 CDT)
  System: Mac OS X 14.3
  Runtime: Groovy 4.0.23 on OpenJDK 64-Bit Server VM 11.0.25+0
  Encoding: UTF-8 (UTF-8)
  Process: 75243@hsc-304302 [10.21.1.105]
  CPUs: 11 - Mem: 18 GB (82.9 MB) - Swap: 29 GB (687.2 MB)
Oct-30 09:17:47.893 [main] DEBUG nextflow.Session - Work-dir: /Users/js1349/Desktop/UNTHSC/HSC_Janak/Amit_Dr_Vishownatha/Docking_Pipeline/LDTest/LeadDiscoveryDocking/scripts/work [Mac OS X]
Oct-30 09:17:47.893 [main] DEBUG nextflow.Session - Script base path does not exist or is not a directory: /Users/js1349/Desktop/UNTHSC/HSC_Janak/Amit_Dr_Vishownatha/Docking_Pipeline/LDTest/LeadDiscoveryDocking/scripts/bin
Oct-30 09:17:47.899 [main] DEBUG nextflow.executor.ExecutorFactory - Extension executors providers=[]
Oct-30 09:17:47.904 [main] DEBUG nextflow.Session - Observer factory: DefaultObserverFactory
Oct-30 09:17:47.914 [main] DEBUG nextflow.cache.CacheFactory - Using Nextflow cache factory: nextflow.cache.DefaultCacheFactory
Oct-30 09:17:47.920 [main] DEBUG nextflow.util.CustomThreadPool - Creating default thread pool > poolSize: 12; maxThreads: 1000
Oct-30 09:17:47.951 [main] DEBUG nextflow.Session - Session start
Oct-30 09:17:48.025 [main] DEBUG nextflow.script.ScriptRunner - > Launching execution
Oct-30 09:17:48.053 [main] DEBUG nextflow.executor.ExecutorFactory - << taskConfig executor: null
Oct-30 09:17:48.053 [main] DEBUG nextflow.executor.ExecutorFactory - >> processorType: 'local'
Oct-30 09:17:48.056 [main] DEBUG nextflow.executor.Executor - [warm up] executor > local
Oct-30 09:17:48.060 [main] DEBUG n.processor.LocalPollingMonitor - Creating local task monitor for executor 'local' > cpus=11; memory=18 GB; capacity=11; pollInterval=100ms; dumpInterval=5m
Oct-30 09:17:48.061 [main] DEBUG n.processor.TaskPollingMonitor - >>> barrier register (monitor: local)
Oct-30 09:17:48.104 [main] DEBUG nextflow.executor.ExecutorFactory - << taskConfig executor: null
Oct-30 09:17:48.104 [main] DEBUG nextflow.executor.ExecutorFactory - >> processorType: 'local'
Oct-30 09:17:48.106 [main] DEBUG nextflow.executor.ExecutorFactory - << taskConfig executor: null
Oct-30 09:17:48.106 [main] DEBUG nextflow.executor.ExecutorFactory - >> processorType: 'local'
Oct-30 09:17:48.107 [main] DEBUG nextflow.Session - Workflow process names [dsl2]: sayHello, p3, addStuff
Oct-30 09:17:48.107 [main] DEBUG nextflow.Session - Igniting dataflow network (3)
Oct-30 09:17:48.108 [main] DEBUG nextflow.processor.TaskProcessor - Starting process > sayHello
Oct-30 09:17:48.108 [main] DEBUG nextflow.processor.TaskProcessor - Starting process > addStuff
Oct-30 09:17:48.108 [main] DEBUG nextflow.processor.TaskProcessor - Starting process > p3
Oct-30 09:17:48.109 [main] DEBUG nextflow.script.ScriptRunner - Parsed script files:
  Script_f66bac090292c537: /Users/js1349/Desktop/UNTHSC/HSC_Janak/Amit_Dr_Vishownatha/Docking_Pipeline/LDTest/LeadDiscoveryDocking/scripts/test_main.nf
Oct-30 09:17:48.109 [main] DEBUG nextflow.script.ScriptRunner - > Awaiting termination 
Oct-30 09:17:48.109 [main] DEBUG nextflow.Session - Session await
Oct-30 09:17:48.193 [Task submitter] DEBUG n.executor.local.LocalTaskHandler - Launch cmd line: /bin/bash -ue .command.run
Oct-30 09:17:48.194 [Task submitter] INFO  nextflow.Session - [de/5766be] Submitted process > p3
Oct-30 09:17:48.234 [Task submitter] DEBUG n.executor.local.LocalTaskHandler - Launch cmd line: /bin/bash -ue .command.run
Oct-30 09:17:48.234 [Task submitter] INFO  nextflow.Session - [f6/ddcd3b] Submitted process > addStuff
Oct-30 09:17:48.237 [Task submitter] DEBUG n.executor.local.LocalTaskHandler - Launch cmd line: /bin/bash -ue .command.run
Oct-30 09:17:48.238 [Task submitter] INFO  nextflow.Session - [f3/359035] Submitted process > sayHello
Oct-30 09:17:48.259 [Task monitor] DEBUG n.processor.TaskPollingMonitor - Task completed > TaskHandler[id: 3; name: sayHello; status: COMPLETED; exit: 0; error: -; workDir: /Users/js1349/Desktop/UNTHSC/HSC_Janak/Amit_Dr_Vishownatha/Docking_Pipeline/LDTest/LeadDiscoveryDocking/scripts/work/f3/359035f0b2b8440408a222a39786e7]
Oct-30 09:17:48.260 [Task monitor] DEBUG nextflow.util.ThreadPoolBuilder - Creating thread pool 'TaskFinalizer' minSize=10; maxSize=33; workQueue=LinkedBlockingQueue[10000]; allowCoreThreadTimeout=false
Oct-30 09:17:48.315 [Task monitor] DEBUG n.processor.TaskPollingMonitor - Task completed > TaskHandler[id: 2; name: p3; status: COMPLETED; exit: 0; error: -; workDir: /Users/js1349/Desktop/UNTHSC/HSC_Janak/Amit_Dr_Vishownatha/Docking_Pipeline/LDTest/LeadDiscoveryDocking/scripts/work/de/5766be9773c0abb3ff6f5f75857309]
Oct-30 09:17:48.315 [Task monitor] DEBUG n.processor.TaskPollingMonitor - Task completed > TaskHandler[id: 1; name: addStuff; status: COMPLETED; exit: 0; error: -; workDir: /Users/js1349/Desktop/UNTHSC/HSC_Janak/Amit_Dr_Vishownatha/Docking_Pipeline/LDTest/LeadDiscoveryDocking/scripts/work/f6/ddcd3bf17c6014c5bb034d754ad36a]
Oct-30 09:17:48.316 [main] DEBUG nextflow.Session - Session await > all processes finished
Oct-30 09:17:48.421 [Task monitor] DEBUG n.processor.TaskPollingMonitor - <<< barrier arrives (monitor: local) - terminating tasks monitor poll loop
Oct-30 09:17:48.421 [main] DEBUG nextflow.Session - Session await > all barriers passed
Oct-30 09:17:48.422 [main] DEBUG nextflow.util.ThreadPoolManager - Thread pool 'TaskFinalizer' shutdown completed (hard=false)
Oct-30 09:17:48.425 [main] DEBUG n.trace.WorkflowStatsObserver - Workflow completed > WorkflowStats[succeededCount=3; failedCount=0; ignoredCount=0; cachedCount=0; pendingCount=0; submittedCount=0; runningCount=0; retriesCount=0; abortedCount=0; succeedDuration=118ms; failedDuration=0ms; cachedDuration=0ms;loadCpus=0; loadMemory=0; peakRunning=3; peakCpus=3; peakMemory=0; ]
Oct-30 09:17:48.441 [main] DEBUG nextflow.cache.CacheDB - Closing CacheDB done
Oct-30 09:17:48.458 [main] DEBUG nextflow.util.ThreadPoolManager - Thread pool 'FileTransfer' shutdown completed (hard=false)
Oct-30 09:17:48.458 [main] DEBUG nextflow.script.ScriptRunner - > Execution complete -- Goodbye
